name,n,m,d,c,t,s,x
../network-corpus/networks/actor_movies.txt.gz,511463,1470404,14,217,1036.9,d,x
../network-corpus/networks/advogato.txt.gz,5155,39285,25,216,51.0,d,x
../network-corpus/networks/airlines.txt.gz,235,1297,13,43,8.0,d,x
../network-corpus/networks/american_revolution.txt.gz,141,160,3,10,0.4,d,x
../network-corpus/networks/as20000102.txt.gz,6474,12572,12,43,26.7,d,x
../network-corpus/networks/as-22july06.txt.gz,22963,48436,25,218,85.0,d,x
../network-corpus/networks/AS-oregon-1.txt.gz,11174,23409,17,75,42.8,d,x
../network-corpus/networks/AS-oregon-2.txt.gz,11461,32730,31,118,54.6,d,x
../network-corpus/networks/autobahn.txt.gz,374,478,2,3,1.0,d,x
../network-corpus/networks/bahamas.txt.gz,219856,246291,6,58,145.9,d,x
../network-corpus/networks/bergen.txt.gz,53,272,9,13,0.9,d,x
../network-corpus/networks/BioGrid-Affinity-Capture-Luminescence.txt.gz,1840,2312,6,38,5.5,d,x
../network-corpus/networks/BioGrid-Affinity-Capture-Ms.txt.gz,40495,321887,58,843,580.6,d,x
../network-corpus/networks/BioGrid-Affinity-Capture-Rna.txt.gz,13765,42815,54,1630,230.0,d,x
../network-corpus/networks/BioGrid-Affinity-Capture-Western.txt.gz,21028,64046,17,93,80.8,d,x
../network-corpus/networks/BioGrid-All.txt.gz,75550,1316843,164,1792,1738.1,d,x
../network-corpus/networks/BioGrid-Arabidopsis-Thaliana-Columbia.txt.gz,10417,47916,26,385,37.0,d,x
../network-corpus/networks/BioGrid-Biochemical-Activity.txt.gz,8620,17746,11,182,33.1,d,x
../network-corpus/networks/BioGrid-Bos-Taurus.txt.gz,454,424,3,7,0.9,d,x
../network-corpus/networks/BioGrid-Caenorhabditis-Elegans.txt.gz,6394,23646,64,82,42.4,d,x
../network-corpus/networks/BioGrid-Candida-Albicans-Sc5314.txt.gz,1121,1609,9,64,5.0,d,x
../network-corpus/networks/BioGrid-Canis-Familiaris.txt.gz,143,125,2,3,0.4,d,x
../network-corpus/networks/BioGrid-Chemicals.txt.gz,33266,28093,1,2,18.7,d,x
../network-corpus/networks/BioGrid-Co-Crystal-Structure.txt.gz,2291,2021,5,6,6.6,d,x
../network-corpus/networks/BioGrid-Co-Fractionation.txt.gz,11017,56354,83,84,68.6,d,x
../network-corpus/networks/BioGrid-Co-Localization.txt.gz,3543,4452,6,25,13.7,d,x
../network-corpus/networks/BioGrid-Co-Purification.txt.gz,4326,5970,12,71,19.4,d,x
../network-corpus/networks/BioGrid-Cricetulus-Griseus.txt.gz,69,57,1,2,0.3,d,x
../network-corpus/networks/BioGrid-Danio-Rerio.txt.gz,261,266,3,4,0.6,d,x
../network-corpus/networks/BioGrid-Dictyostelium-Discoideum-Ax4.txt.gz,27,20,1,2,0.2,d,x
../network-corpus/networks/BioGrid-Dosage-Growth-Defect.txt.gz,1447,2193,5,70,7.0,d,x
../network-corpus/networks/BioGrid-Dosage-Lethality.txt.gz,1776,2289,4,33,6.9,d,x
../network-corpus/networks/BioGrid-Dosage-Rescue.txt.gz,3380,6444,7,35,15.4,d,x
../network-corpus/networks/BioGrid-Drosophila-Melanogaster.txt.gz,9330,60556,83,115,73.8,d,x
../network-corpus/networks/BioGrid-Emericella-Nidulans-Fgsc-A4.txt.gz,64,62,2,3,0.3,d,x
../network-corpus/networks/BioGrid-Escherichia-Coli-K12-Mg1655.txt.gz,1273,1889,5,13,7.1,d,x
../network-corpus/networks/BioGrid-Escherichia-Coli-K12-W3110.txt.gz,4063,181620,156,442,3634.4,d,x
../network-corpus/networks/BioGrid-Far-Western.txt.gz,1199,1089,3,11,4.2,d,x
../network-corpus/networks/BioGrid-Fret.txt.gz,1700,2395,19,38,17.4,d,x
../network-corpus/networks/BioGrid-Gallus-Gallus.txt.gz,413,436,4,22,1.0,d,x
../network-corpus/networks/BioGrid-Glycine-Max.txt.gz,44,39,2,3,0.2,d,x
../network-corpus/networks/BioGrid-Hepatitus-C-Virus.txt.gz,136,134,1,2,0.4,d,x
../network-corpus/networks/BioGrid-Homo-Sapiens.txt.gz,24093,369767,71,802,1667.5,d,x
../network-corpus/networks/BioGrid-Human-Herpesvirus-1.txt.gz,178,208,3,11,0.5,d,x
../network-corpus/networks/BioGrid-Human-Herpesvirus-4.txt.gz,323,326,2,6,0.7,d,x
../network-corpus/networks/BioGrid-Human-Herpesvirus-5.txt.gz,121,107,1,2,0.4,d,x
../network-corpus/networks/BioGrid-Human-Herpesvirus-8.txt.gz,716,691,3,6,1.4,d,x
../network-corpus/networks/BioGrid-Human-Immunodeficiency-Virus-1.txt.gz,1138,1319,3,43,5.0,d,x
../network-corpus/networks/BioGrid-Human-Immunodeficiency-Virus-2.txt.gz,19,15,1,2,0.2,d,x
../network-corpus/networks/BioGrid-Human-Papillomavirus-16.txt.gz,173,186,2,18,0.5,d,x
../network-corpus/networks/bitcoin-otc-negative.txt.gz,1606,3259,16,39,15.0,d,x
../network-corpus/networks/bitcoin-otc-positive.txt.gz,5573,18591,20,92,43.9,d,x
../network-corpus/networks/bn-fly-drosophila_medulla_1.txt.gz,1781,8911,18,42,39.8,d,x
../network-corpus/networks/bn-mouse_retina_1.txt.gz,1076,90811,121,403,869.1,d,x
../network-corpus/networks/boards_gender_1m.txt.gz,4134,19993,25,20,34.3,c,x
../network-corpus/networks/boards_gender_2m.txt.gz,4220,5598,4,21,12.2,d,x
../network-corpus/networks/ca-CondMat.txt.gz,23133,93439,25,27,81.6,d,x
../network-corpus/networks/ca-GrQc.txt.gz,5242,14484,43,43,39.2,d,x
../network-corpus/networks/ca-HepPh.txt.gz,12006,118489,238,90,436.8,c,x
../network-corpus/networks/Cannes2013.txt.gz,438089,835892,27,3168,2523.8,d,x
../network-corpus/networks/capitalist.txt.gz,139,1071,19,35,11.0,d,x
../network-corpus/networks/celegans.txt.gz,297,2148,10,41,8.6,d,x
../network-corpus/networks/chess.txt.gz,7301,55899,29,64,259.8,d,x
../network-corpus/networks/chicago.txt.gz,1468,1298,1,2,6.5,d,x
../network-corpus/networks/cit-HepPh.txt.gz,34546,420877,30,300,198.6,d,x
../network-corpus/networks/cit-HepTh.txt.gz,27769,352285,37,1670,249.3,d,x
../network-corpus/networks/codeminer.txt.gz,724,1015,4,7,1.8,d,x
../network-corpus/networks/columbia-mobility.txt.gz,864,4147,9,12,17.9,d,x
../network-corpus/networks/columbia-social.txt.gz,864,7724,18,54,25.5,d,x
../network-corpus/networks/cora_citation.txt.gz,23167,89157,13,70,49.8,d,x
../network-corpus/networks/countries.txt.gz,592414,624402,6,11048,9415.9,d,x
../network-corpus/networks/CoW-interstate.txt.gz,182,319,4,13,0.7,d,x
../network-corpus/networks/cpan-authors.txt.gz,839,2112,9,52,11.1,d,x
../network-corpus/networks/deezer.txt.gz,54573,498202,21,83,400.2,d,x
../network-corpus/networks/digg.txt.gz,30399,86312,10,20,139.7,d,x
../network-corpus/networks/diseasome.txt.gz,1419,2738,11,9,16.1,c,x
../network-corpus/networks/DNC-emails.txt.gz,1866,4384,17,74,19.7,d,x
../network-corpus/networks/dogster_friendships.txt.gz,426821,8546581,249,32804,48807.8,d,x
../network-corpus/networks/dolphins.txt.gz,62,159,4,5,0.5,d,x
../network-corpus/networks/dutch-textiles.txt.gz,48,134,7,12,0.3,d,x
../network-corpus/networks/ecoli-transcript.txt.gz,424,578,3,11,1.1,d,x
../network-corpus/networks/edinburgh_associative_thesaurus.txt.gz,23132,297094,34,205,1175.4,d,x
../network-corpus/networks/email-Enron.txt.gz,36692,183831,43,187,752.2,d,x
../network-corpus/networks/escorts.txt.gz,16730,39044,11,69,51.6,d,x
../network-corpus/networks/EU-email-core.txt.gz,986,16064,34,162,29.1,d,x
../network-corpus/networks/euroroad.txt.gz,1174,1417,2,4,4.1,d,x
../network-corpus/networks/eva-corporate.txt.gz,7253,6711,3,7,9.0,d,x
../network-corpus/networks/exnet-water.txt.gz,1893,2416,2,3,7.1,d,x
../network-corpus/networks/facebook-links.txt.gz,63731,817090,52,233,1705.6,d,x
../network-corpus/networks/foldoc.txt.gz,13357,91471,12,63,65.1,d,x
../network-corpus/networks/foodweb-caribbean.txt.gz,492,3313,13,155,10.8,d,x
../network-corpus/networks/foodweb-otago.txt.gz,141,832,14,36,3.2,d,x
../network-corpus/networks/football.txt.gz,115,613,8,10,5.0,d,x
../network-corpus/networks/google+.txt.gz,23629,39194,12,490,97.0,d,x
../network-corpus/networks/gowalla.txt.gz,196591,950327,51,1132,1258.8,d,x
../network-corpus/networks/haggle.txt.gz,275,2124,39,41,6.6,d,x
../network-corpus/networks/hex.txt.gz,331,930,3,3,27.2,d,x
../network-corpus/networks/hypertext_2009.txt.gz,114,2196,28,54,16.8,d,x
../network-corpus/networks/ia-email-univ.txt.gz,1134,5451,11,19,28.7,d,x
../network-corpus/networks/ia-infect-dublin.txt.gz,411,2765,17,23,16.9,d,x
../network-corpus/networks/ia-reality.txt.gz,6810,7680,5,19,8.9,d,x
../network-corpus/networks/infectious.txt.gz,411,2765,17,23,17.5,d,x
../network-corpus/networks/ingredients.txt.gz,4372,591463,462,836,3424.3,d,x
../network-corpus/networks/iscas89-s1196.txt.gz,377,537,2,3,1.2,d,x
../network-corpus/networks/iscas89-s1238.txt.gz,416,625,2,3,1.3,d,x
../network-corpus/networks/iscas89-s13207.txt.gz,2492,3406,4,31,8.4,d,x
../network-corpus/networks/iscas89-s1423.txt.gz,423,554,2,5,1.1,d,x
../network-corpus/networks/iscas89-s1488.txt.gz,463,779,3,11,2.0,d,x
../network-corpus/networks/iscas89-s1494.txt.gz,473,796,3,11,1.7,d,x
../network-corpus/networks/iscas89-s15850.txt.gz,3247,4004,4,16,9.1,d,x
../network-corpus/networks/iscas89-s208.1.txt.gz,61,67,2,3,0.3,d,x
../network-corpus/networks/iscas89-s27.txt.gz,9,8,1,2,0.2,d,x
../network-corpus/networks/iscas89-s298.txt.gz,92,131,2,6,0.4,d,x
../network-corpus/networks/iscas89-s344.txt.gz,100,122,2,5,0.3,d,x
../network-corpus/networks/iscas89-s349.txt.gz,102,127,2,5,0.4,d,x
../network-corpus/networks/iscas89-s35932.txt.gz,12515,15961,2,2,2799.9,d,x
../network-corpus/networks/iscas89-s382.txt.gz,116,168,2,5,0.5,d,x
../network-corpus/networks/iscas89-s38417.txt.gz,9500,10635,4,12,14.2,d,x
../network-corpus/networks/iscas89-s38584.txt.gz,9193,12573,4,13,11.5,d,x
../network-corpus/networks/iscas89-s386.txt.gz,114,200,3,13,0.5,d,x
../network-corpus/networks/iscas89-s400.txt.gz,121,182,2,5,0.6,d,x
../network-corpus/networks/iscas89-s420.1.txt.gz,129,145,2,3,0.4,d,x
../network-corpus/networks/iscas89-s444.txt.gz,134,206,2,5,0.5,d,x
../network-corpus/networks/iscas89-s510.txt.gz,172,251,2,3,0.6,d,x
../network-corpus/networks/iscas89-s526n.txt.gz,159,268,3,9,0.6,d,x
../network-corpus/networks/iscas89-s526.txt.gz,160,270,3,9,0.6,d,x
../network-corpus/networks/iscas89-s5378.txt.gz,1411,1639,3,5,5.3,d,x
../network-corpus/networks/iscas89-s641.txt.gz,100,144,3,7,0.4,d,x
../network-corpus/networks/iscas89-s713.txt.gz,137,180,3,7,0.5,d,x
../network-corpus/networks/iscas89-s820.txt.gz,239,480,3,16,1.1,d,x
../network-corpus/networks/iscas89-s832.txt.gz,245,498,3,19,1.2,d,x
../network-corpus/networks/iscas89-s838.1.txt.gz,265,301,2,3,0.7,d,x
../network-corpus/networks/iscas89-s9234.txt.gz,1985,2370,4,10,7.1,d,x
../network-corpus/networks/iscas89-s953.txt.gz,332,454,2,4,1.0,d,x
../network-corpus/networks/jazz.txt.gz,199,2742,29,42,17.5,d,x
../network-corpus/networks/JDK_dependency.txt.gz,6435,53658,65,707,41.8,d,x
../network-corpus/networks/JUNG-javax.txt.gz,6120,50290,65,619,38.9,d,x
../network-corpus/networks/karate.txt.gz,34,78,4,7,0.3,d,x
../network-corpus/networks/lederberg.txt.gz,8324,41532,15,175,51.1,d,x
../network-corpus/networks/lesmiserables.txt.gz,77,254,9,9,0.8,d,x
../network-corpus/networks/link-pedigree.txt.gz,898,1125,2,14,3.1,d,x
../network-corpus/networks/linux.txt.gz,30834,213217,23,4836,3946.5,d,x
../network-corpus/networks/livemocha.txt.gz,104104,2193083,92,1129,52801.5,d,x
../network-corpus/networks/location.txt.gz,225486,293697,5,854,486.3,d,x
../network-corpus/networks/loc-brightkite_edges.txt.gz,58228,214078,52,184,213.7,d,x
../network-corpus/networks/mag_geology_coauthor.txt.gz,2852295,4448428,13,193,3205.6,d,x
../network-corpus/networks/marvel.txt.gz,19429,96662,18,745,204.2,d,x
../network-corpus/networks/mg_casino.txt.gz,109,326,9,8,0.9,c,x
../network-corpus/networks/mg_forrestgump.txt.gz,94,271,8,4,1.7,c,x
../network-corpus/networks/mg_godfatherII.txt.gz,78,219,8,9,0.6,d,x
../network-corpus/networks/mg_watchmen.txt.gz,76,201,7,6,0.7,c,x
../network-corpus/networks/minnesota.txt.gz,2642,3303,2,3,8.3,d,x
../network-corpus/networks/moreno_health.txt.gz,2539,10455,7,17,20.5,d,x
../network-corpus/networks/mousebrain.txt.gz,213,16089,111,179,37.5,d,x
../network-corpus/networks/movielens_1m.txt.gz,9746,1000209,221,2356,12513.7,d,x
../network-corpus/networks/movies.txt.gz,101,192,3,6,0.5,d,x
../network-corpus/networks/muenchen-bahn.txt.gz,447,578,2,2,11.7,d,x
../network-corpus/networks/munin.txt.gz,1324,1397,3,29,4.2,d,x
../network-corpus/networks/netscience.txt.gz,1461,2742,19,6,28.4,c,x
../network-corpus/networks/Noordin-terror-loc.txt.gz,127,190,3,7,0.5,d,x
../network-corpus/networks/Noordin-terror-orgas.txt.gz,129,181,3,11,0.5,d,x
../network-corpus/networks/Noordin-terror-relation.txt.gz,70,251,11,11,1.0,d,x
../network-corpus/networks/NYClimateMarch2014.txt.gz,102378,327080,34,1037,2548.4,d,x
../network-corpus/networks/NZ_legal.txt.gz,2141,15739,25,129,44.1,d,x
../network-corpus/networks/ODLIS.txt.gz,2900,16377,12,86,40.8,d,x
../network-corpus/networks/offshore.txt.gz,278877,505965,13,5698,479.2,d,x
../network-corpus/networks/openflights.txt.gz,2940,15677,28,111,33.1,d,x
../network-corpus/networks/Opsahl-forum.txt.gz,899,7036,14,38,32.4,d,x
../network-corpus/networks/Opsahl-socnet.txt.gz,1899,13838,20,112,44.0,d,x
../network-corpus/networks/p2p-Gnutella04.txt.gz,10876,39994,7,29,32.1,d,x
../network-corpus/networks/panama.txt.gz,556686,702437,62,1948,699.5,d,x
../network-corpus/networks/paradise.txt.gz,542102,794545,23,4242,1317.1,d,x
../network-corpus/networks/photoviz_dynamic.txt.gz,376,610,4,13,1.1,d,x
../network-corpus/networks/pigs.txt.gz,492,592,2,7,1.1,d,x
../network-corpus/networks/polblogs.txt.gz,1224,16715,36,130,49.4,d,x
../network-corpus/networks/polbooks.txt.gz,105,441,6,16,1.0,d,x
../network-corpus/networks/pollination-carlinville.txt.gz,1500,15255,18,67,45.3,d,x
../network-corpus/networks/pollination-daphni.txt.gz,797,2933,9,45,15.3,d,x
../network-corpus/networks/pollination-tenerife.txt.gz,68,129,4,11,0.4,d,x
../network-corpus/networks/pollination-uk.txt.gz,984,16712,35,202,23.9,d,x
../network-corpus/networks/ratbrain.txt.gz,503,23030,67,127,37.9,d,x
../network-corpus/networks/reactome.txt.gz,6328,147547,176,446,101.6,d,x
../network-corpus/networks/residence_hall.txt.gz,218,1839,11,18,18.6,d,x
../network-corpus/networks/rhesusbrain.txt.gz,242,3054,19,38,23.4,d,x
../network-corpus/networks/roget-thesaurus.txt.gz,1010,3648,6,8,21.2,d,x
../network-corpus/networks/seventh-graders.txt.gz,29,376,20,18,3.6,c,x
../network-corpus/networks/slashdot_threads.txt.gz,51084,117378,15,65,212.4,d,x
../network-corpus/networks/soc-advogato.txt.gz,5167,39432,25,218,51.7,d,x
../network-corpus/networks/soc-Epinions1.txt.gz,75879,405740,67,551,1301.5,d,x
../network-corpus/networks/soc-gplus.txt.gz,23628,39194,12,490,97.6,d,x
../network-corpus/networks/soc-hamsterster.txt.gz,2426,16630,24,77,39.8,d,x
../network-corpus/networks/soc-Slashdot0811.txt.gz,77360,469180,54,618,832.4,d,x
../network-corpus/networks/soc-wiki-Vote.txt.gz,890,2914,9,18,15.2,d,x
../network-corpus/networks/sp_data_school_day_2.txt.gz,238,5539,33,54,36.2,d,x
../network-corpus/networks/StackOverflow-tags.txt.gz,115,245,6,7,0.6,d,x
../network-corpus/networks/teams.txt.gz,935591,1366466,9,351,6893.1,d,x
../network-corpus/networks/train_bombing.txt.gz,64,243,10,9,1.4,c,x
../network-corpus/networks/tv_tropes.txt.gz,152093,3232134,115,2655,25491.8,d,x
../network-corpus/networks/twittercrawl.txt.gz,3656,154824,142,507,641.6,d,x
../network-corpus/networks/ukroad.txt.gz,12378,15641,3,5,11.2,d,x
../network-corpus/networks/unicode_languages.txt.gz,868,1255,4,19,3.7,d,x
../network-corpus/networks/wafa-ceos.txt.gz,26,93,5,7,0.3,d,x
../network-corpus/networks/wafa-eies.txt.gz,45,652,24,31,8.8,d,x
../network-corpus/networks/wafa-hightech.txt.gz,22,159,12,17,0.7,d,x
../network-corpus/networks/wafa-padgett.txt.gz,15,27,3,4,0.2,d,x
../network-corpus/networks/web-california.txt.gz,6175,15969,11,69,23.5,d,x
../network-corpus/networks/web-EPA.txt.gz,4271,8909,6,64,16.0,d,x
../network-corpus/networks/web-google.txt.gz,1299,2773,17,18,17.4,d,x
../network-corpus/networks/wikipedia-norm.txt.gz,1881,15372,22,138,47.6,d,x
../network-corpus/networks/wiki-vote.txt.gz,7115,100762,53,441,126.1,d,x
../network-corpus/networks/win95pts.txt.gz,99,112,2,4,0.3,d,x
../network-corpus/networks/windsurfers.txt.gz,43,336,11,17,3.8,d,x
../network-corpus/networks/word_adjacencies.txt.gz,112,425,6,14,1.0,d,x
../network-corpus/networks/Y2H_union.txt.gz,1966,2705,4,30,7.0,d,x
../network-corpus/networks/Yeast.txt.gz,2362,7182,10,22,27.3,d,x
../network-corpus/networks/zewail.txt.gz,6651,54182,18,99,48.7,d,x
